Registering base-compat-0.9.1...
aci\OneDrive\Documents\GitHub\uno\.cabal-sandbox\x86_64-windows-ghc-8.0.1\base-compat-0.9.1-Jorka5wAHbt82D18A4gF6b
sandbox-bb0d78be\build\Text\Read\Compat.o )
[ 2 of 37] Compiling System.IO.Unsafe.Compat ( src\System\IO\Unsafe\Compat.hs, dist\dist-sandbox-bb0d78be\build\System\IO\Unsafe\Compat.o )
[ 3 of 37] Compiling System.Exit.Compat ( src\System\Exit\Compat.hs, dist\dist-sandbox-bb0d78be\build\System\Exit\Compat.o )
[ 4 of 37] Compiling System.Environment.Compat ( src\System\Environment\Compat.hs, dist\dist-sandbox-bb0d78be\build\System\Environment\Compat.o )
[ 5 of 37] Compiling Prelude.Compat   ( src\Prelude\Compat.hs, dist\dist-sandbox-bb0d78be\build\Prelude\Compat.o )
[ 6 of 37] Compiling Numeric.Compat   ( src\Numeric\Compat.hs, dist\dist-sandbox-bb0d78be\build\Numeric\Compat.o )
[ 7 of 37] Compiling Foreign.Marshal.Unsafe.Compat ( src\Foreign\Marshal\Unsafe\Compat.hs, dist\dist-sandbox-bb0d78be\build\Foreign\Marshal\Unsafe\Compat.o )
[ 8 of 37] Compiling Foreign.Marshal.Safe.Compat ( src\Foreign\Marshal\Safe\Compat.hs, dist\dist-sandbox-bb0d78be\build\Foreign\Marshal\Safe\Compat.o )
[ 9 of 37] Compiling Foreign.Marshal.Utils.Compat ( src\Foreign\Marshal\Utils\Compat.hs, dist\dist-sandbox-bb0d78be\build\Foreign\Marshal\Utils\Compat.o )
[10 of 37] Compiling Foreign.Marshal.Array.Compat ( src\Foreign\Marshal\Array\Compat.hs, dist\dist-sandbox-bb0d78be\build\Foreign\Marshal\Array\Compat.o )
[11 of 37] Compiling Foreign.Marshal.Alloc.Compat ( src\Foreign\Marshal\Alloc\Compat.hs, dist\dist-sandbox-bb0d78be\build\Foreign\Marshal\Alloc\Compat.o )
[12 of 37] Compiling Foreign.ForeignPtr.Unsafe.Compat ( src\Foreign\ForeignPtr\Unsafe\Compat.hs, dist\dist-sandbox-bb0d78be\build\Foreign\ForeignPtr\Unsafe\Compat.o )
[13 of 37] Compiling Foreign.ForeignPtr.Safe.Compat ( src\Foreign\ForeignPtr\Safe\Compat.hs, dist\dist-sandbox-bb0d78be\build\Foreign\ForeignPtr\Safe\Compat.o )
[14 of 37] Compiling Foreign.Marshal.Compat ( src\Foreign\Marshal\Compat.hs, dist\dist-sandbox-bb0d78be\build\Foreign\Marshal\Compat.o )
[15 of 37] Compiling Foreign.Compat   ( src\Foreign\Compat.hs, dist\dist-sandbox-bb0d78be\build\Foreign\Compat.o )
[16 of 37] Compiling Debug.Trace.Compat ( src\Debug\Trace\Compat.hs, dist\dist-sandbox-bb0d78be\build\Debug\Trace\Compat.o )
[17 of 37] Compiling Data.Word.Compat ( src\Data\Word\Compat.hs, dist\dist-sandbox-bb0d78be\build\Data\Word\Compat.o )
[18 of 37] Compiling Data.Version.Compat ( src\Data\Version\Compat.hs, dist\dist-sandbox-bb0d78be\build\Data\Version\Compat.o )
[19 of 37] Compiling Data.String.Compat ( src\Data\String\Compat.hs, dist\dist-sandbox-bb0d78be\build\Data\String\Compat.o )
[20 of 37] Compiling Data.STRef.Compat ( src\Data\STRef\Compat.hs, dist\dist-sandbox-bb0d78be\build\Data\STRef\Compat.o )
[21 of 37] Compiling Data.Ratio.Compat ( src\Data\Ratio\Compat.hs, dist\dist-sandbox-bb0d78be\build\Data\Ratio\Compat.o )
[22 of 37] Compiling Data.Monoid.Compat ( src\Data\Monoid\Compat.hs, dist\dist-sandbox-bb0d78be\build\Data\Monoid\Compat.o )
[23 of 37] Compiling Data.List.Compat ( src\Data\List\Compat.hs, dist\dist-sandbox-bb0d78be\build\Data\List\Compat.o )
[24 of 37] Compiling Data.IORef.Compat ( src\Data\IORef\Compat.hs, dist\dist-sandbox-bb0d78be\build\Data\IORef\Compat.o )
[25 of 37] Compiling Data.Functor.Const.Compat ( src\Data\Functor\Const\Compat.hs, dist\dist-sandbox-bb0d78be\build\Data\Functor\Const\Compat.o )
[26 of 37] Compiling Data.Functor.Compat ( src\Data\Functor\Compat.hs, dist\dist-sandbox-bb0d78be\build\Data\Functor\Compat.o )
[27 of 37] Compiling Data.Function.Compat ( src\Data\Function\Compat.hs, dist\dist-sandbox-bb0d78be\build\Data\Function\Compat.o )
[28 of 37] Compiling Data.Foldable.Compat ( src\Data\Foldable\Compat.hs, dist\dist-sandbox-bb0d78be\build\Data\Foldable\Compat.o )
[29 of 37] Compiling Data.Either.Compat ( src\Data\Either\Compat.hs, dist\dist-sandbox-bb0d78be\build\Data\Either\Compat.o )
[30 of 37] Compiling Data.Complex.Compat ( src\Data\Complex\Compat.hs, dist\dist-sandbox-bb0d78be\build\Data\Complex\Compat.o )
[31 of 37] Compiling Data.Bool.Compat ( src\Data\Bool\Compat.hs, dist\dist-sandbox-bb0d78be\build\Data\Bool\Compat.o )
[32 of 37] Compiling Data.Bits.Compat ( src\Data\Bits\Compat.hs, dist\dist-sandbox-bb0d78be\build\Data\Bits\Compat.o )
[33 of 37] Compiling Control.Monad.ST.Unsafe.Compat ( src\Control\Monad\ST\Unsafe\Compat.hs, dist\dist-sandbox-bb0d78be\build\Control\Monad\ST\Unsafe\Compat.o )
[34 of 37] Compiling Control.Monad.ST.Lazy.Unsafe.Compat ( src\Control\Monad\ST\Lazy\Unsafe\Compat.hs, dist\dist-sandbox-bb0d78be\build\Control\Monad\ST\Lazy\Unsafe\Compat.o )
[35 of 37] Compiling Control.Monad.Compat ( src\Control\Monad\Compat.hs, dist\dist-sandbox-bb0d78be\build\Control\Monad\Compat.o )
[36 of 37] Compiling Control.Concurrent.MVar.Compat ( src\Control\Concurrent\MVar\Compat.hs, dist\dist-sandbox-bb0d78be\build\Control\Concurrent\MVar\Compat.o )
[37 of 37] Compiling Control.Concurrent.Compat ( src\Control\Concurrent\Compat.hs, dist\dist-sandbox-bb0d78be\build\Control\Concurrent\Compat.o )
cabal: Leaving directory 'C:\Users\jpaci\AppData\Local\Temp\cabal-tmp-2729\base-compat-0.9.1'
